[ 2024-12-26 23:57:09,512 ] 1025 httpx - INFO - HTTP Request: GET https://dagshub.com/api/v1/user "HTTP/1.1 200 OK"
[ 2024-12-26 23:57:09,517 ] 107 dagshub - INFO - Accessing as famtomoe250
[ 2024-12-26 23:57:09,946 ] 1025 httpx - INFO - HTTP Request: GET https://dagshub.com/api/v1/repos/famtomoe250/SecuMLOps-AI-Driven-Threat-Detection "HTTP/1.1 200 OK"
[ 2024-12-26 23:57:10,354 ] 1025 httpx - INFO - HTTP Request: GET https://dagshub.com/api/v1/user "HTTP/1.1 200 OK"
[ 2024-12-26 23:57:10,357 ] 107 dagshub - INFO - Initialized MLflow to track repo "famtomoe250/SecuMLOps-AI-Driven-Threat-Detection"
[ 2024-12-26 23:57:10,358 ] 107 dagshub - INFO - Repository famtomoe250/SecuMLOps-AI-Driven-Threat-Detection initialized!
[ 2024-12-27 00:00:23,962 ] 35 root - INFO - Start Data Ingestion
[ 2024-12-27 00:00:26,689 ] 69 root - INFO - Performed train test split on the dataframe
[ 2024-12-27 00:00:26,689 ] 71 root - INFO - Exited split_data_as_train_test method of Data_Ingestion class
[ 2024-12-27 00:00:26,690 ] 79 root - INFO - Exporting train and test file path.
[ 2024-12-27 00:00:26,753 ] 88 root - INFO - Exported train and test file path.
[ 2024-12-27 00:00:26,753 ] 38 root - INFO - Data Ingestion Completed and Artifact: DataIngestionArtifact(trained_file_path='Artifacts\\12_26_2024_23_57_06\\data_ingestion\\ingested\\train.csv', test_file_path='Artifacts\\12_26_2024_23_57_06\\data_ingestion\\ingested\\test.csv')
[ 2024-12-27 00:00:26,762 ] 47 root - INFO - Initiate the data Validation
[ 2024-12-27 00:00:26,810 ] 32 root - INFO - Required number of columns:2
[ 2024-12-27 00:00:26,810 ] 33 root - INFO - Data frame has columns:31
[ 2024-12-27 00:00:26,811 ] 32 root - INFO - Required number of columns:2
[ 2024-12-27 00:00:26,811 ] 33 root - INFO - Data frame has columns:31
[ 2024-12-27 00:00:26,958 ] 63 root - INFO - Entered initiate_data_transformation method of DataTransformation class
[ 2024-12-27 00:00:26,959 ] 65 root - INFO - Starting data transformation
[ 2024-12-27 00:00:26,983 ] 48 root - INFO - Entered get_data_trnasformer_object method of Trnasformation class
[ 2024-12-27 00:00:26,983 ] 53 root - INFO - Initialise KNNImputer with {'missing_values': nan, 'n_neighbors': 3, 'weights': 'uniform'}
[ 2024-12-27 00:00:26,994 ] 47 root - INFO - Entered the save_object method of MainUtils class
[ 2024-12-27 00:00:26,997 ] 51 root - INFO - Exited the save_object method of MainUtils class
[ 2024-12-27 00:00:26,997 ] 47 root - INFO - Entered the save_object method of MainUtils class
[ 2024-12-27 00:00:27,000 ] 51 root - INFO - Exited the save_object method of MainUtils class
[ 2024-12-27 00:04:27,110 ] 47 root - INFO - Entered the save_object method of MainUtils class
[ 2024-12-27 00:04:27,111 ] 51 root - INFO - Exited the save_object method of MainUtils class
[ 2024-12-27 00:04:27,111 ] 47 root - INFO - Entered the save_object method of MainUtils class
[ 2024-12-27 00:04:27,129 ] 51 root - INFO - Exited the save_object method of MainUtils class
[ 2024-12-27 00:04:27,129 ] 130 root - INFO - Model trainer artifact: ModelTrainerArtifact(trained_model_file_path='Artifacts\\12_26_2024_23_57_06\\model_trainer\\trained_model\\model.pkl', train_metric_artifact=ClassificationMetricArtifact(f1_score=0.9912637139374239, precision_score=0.9894544717095923, recall_score=0.9930795847750865), test_metric_artifact=ClassificationMetricArtifact(f1_score=0.9771359807460891, precision_score=0.9751801441152922, recall_score=0.9790996784565916))
